<?xml version="1.0" encoding="UTF-8"?>
<!-- Generated by org.testng.reporters.JUnitReportReporter -->
<testsuite skipped="0" hostname="MacBook-Pro-1.local" name="DAO.ClientsDAOTest" tests="1" failures="0" timestamp="2021-03-29T17:24:00 MSK" time="0.075" errors="0">
  <testcase name="testClient" time="0.075" classname="DAO.ClientsDAOTest"/>
  <system-out/>
</testsuite> <!-- DAO.ClientsDAOTest -->
